<?xml version="1.0" encoding="UTF-8"?>
<testsuite xmlns:xsi="http://www.w3.org/2001/XMLSchema-instance" xsi:noNamespaceSchemaLocation="https://maven.apache.org/surefire/maven-surefire-plugin/xsd/surefire-test-report.xsd" version="3.0.2" name="com.bupt.tarecruitment.application.JobApplicationServiceTest" time="1.831" tests="15" errors="0" skipped="0" failures="0">
  <properties>
[...]
</properties>
  <testcase name="shouldThrowWhenJobDoesNotExist" classname="com.bupt.tarecruitment.application.JobApplicationServiceTest" time="1.563"/>
  <testcase name="shouldThrowWhenWithdrawingOthersApplication" classname="com.bupt.tarecruitment.application.JobApplicationServiceTest" time="0.008"/>
  <testcase name="shouldThrowWhenApplicationNotFoundDuringWithdraw" classname="com.bupt.tarecruitment.application.JobApplicationServiceTest" time="0.005"/>
  <testcase name="shouldThrowWhenApplicantProfileDoesNotExist" classname="com.bupt.tarecruitment.application.JobApplicationServiceTest" time="0.004"/>
  <testcase name="shouldThrowWhenCvDoesNotBelongToApplicant" classname="com.bupt.tarecruitment.application.JobApplicationServiceTest" time="0.097"/>
  <testcase name="shouldAllowReapplyWhenPreviousApplicationWasWithdrawn" classname="com.bupt.tarecruitment.application.JobApplicationServiceTest" time="0.044"/>
  <testcase name="shouldThrowWhenApplicantUserIdIsBlank" classname="com.bupt.tarecruitment.application.JobApplicationServiceTest" time="0.005"/>
  <testcase name="shouldThrowWhenApplicationAlreadyWithdrawn" classname="com.bupt.tarecruitment.application.JobApplicationServiceTest" time="0.004"/>
  <testcase name="shouldThrowWhenCvDoesNotExist" classname="com.bupt.tarecruitment.application.JobApplicationServiceTest" time="0.004"/>
  <testcase name="shouldApplyToOpenJobSuccessfully" classname="com.bupt.tarecruitment.application.JobApplicationServiceTest" time="0.012"/>
  <testcase name="shouldThrowWhenJobIdIsBlank" classname="com.bupt.tarecruitment.application.JobApplicationServiceTest" time="0.004"/>
  <testcase name="shouldBlockDuplicateApplicationWhenExistingApplicationIsNotWithdrawn" classname="com.bupt.tarecruitment.application.JobApplicationServiceTest" time="0.004"/>
  <testcase name="shouldThrowWhenJobIsNotOpen" classname="com.bupt.tarecruitment.application.JobApplicationServiceTest" time="0.004"/>
  <testcase name="shouldThrowWhenCvIdIsBlank" classname="com.bupt.tarecruitment.application.JobApplicationServiceTest" time="0.003"/>
  <testcase name="shouldWithdrawApplicationSuccessfully" classname="com.bupt.tarecruitment.application.JobApplicationServiceTest" time="0.002"/>
</testsuite>